[01m[K/home/zach/src/AirSim/ros/src/shell_simulation/src/car_control.cpp:[m[K In function â€˜[01m[Kint main(int, char**)[m[Kâ€™:
[01m[K/home/zach/src/AirSim/ros/src/shell_simulation/src/car_control.cpp:58:26:[m[K [01;31m[Kerror: [m[Kâ€˜[01m[Kthrottle[m[Kâ€™ was not declared in this scope
     throttle_pub.publish([01;31m[Kthrottle[m[K);
                          [01;31m[K^~~~~~~~[m[K
[01m[K/home/zach/src/AirSim/ros/src/shell_simulation/src/car_control.cpp:58:26:[m[K [01;36m[Knote: [m[Ksuggested alternative: â€˜[01m[Kthrottle_pub[m[Kâ€™
     throttle_pub.publish([01;36m[Kthrottle[m[K);
                          [01;36m[K^~~~~~~~[m[K
                          [32m[Kthrottle_pub[m[K
make[2]: *** [CMakeFiles/car_control.dir/src/car_control.cpp.o] Error 1
make[1]: *** [CMakeFiles/car_control.dir/all] Error 2
make: *** [all] Error 2
