[  0%] Built target airsim_car_ros_pkgs_generate_messages_py
[  0%] Built target airsim_car_ros_pkgs_generate_messages_nodejs
[  0%] Built target airsim_car_ros_pkgs_generate_messages_eus
[  0%] Built target std_msgs_generate_messages_lisp
[  0%] Built target airsim_car_ros_pkgs_generate_messages_lisp
[  0%] Built target rosgraph_msgs_generate_messages_nodejs
[  0%] Built target std_msgs_generate_messages_nodejs
[  0%] Built target std_msgs_generate_messages_cpp
[  0%] Built target roscpp_generate_messages_nodejs
[  0%] Built target std_msgs_generate_messages_py
[  0%] Built target roscpp_generate_messages_cpp
[  0%] Built target roscpp_generate_messages_lisp
[  0%] Built target roscpp_generate_messages_eus
[  0%] Built target airsim_car_ros_pkgs_generate_messages_cpp
[  0%] Built target rosgraph_msgs_generate_messages_cpp
[  0%] Built target rosgraph_msgs_generate_messages_lisp
[  0%] Built target roscpp_generate_messages_py
[  0%] Built target std_msgs_generate_messages_eus
[  0%] Built target rosgraph_msgs_generate_messages_py
[  0%] Built target rosgraph_msgs_generate_messages_eus
[35m[1mScanning dependencies of target car_control[0m
[ 50%] [32mBuilding CXX object CMakeFiles/car_control.dir/src/car_control.cpp.o[0m
[01m[K/home/zach/src/AirSim/ros/src/shell_simulation/src/car_control.cpp:[m[K In function â€˜[01m[Kint main(int, char**)[m[Kâ€™:
[01m[K/home/zach/src/AirSim/ros/src/shell_simulation/src/car_control.cpp:58:26:[m[K [01;31m[Kerror: [m[Kâ€˜[01m[Kthrottle[m[Kâ€™ was not declared in this scope
     throttle_pub.publish([01;31m[Kthrottle[m[K);
                          [01;31m[K^~~~~~~~[m[K
[01m[K/home/zach/src/AirSim/ros/src/shell_simulation/src/car_control.cpp:58:26:[m[K [01;36m[Knote: [m[Ksuggested alternative: â€˜[01m[Kthrottle_pub[m[Kâ€™
     throttle_pub.publish([01;36m[Kthrottle[m[K);
                          [01;36m[K^~~~~~~~[m[K
                          [32m[Kthrottle_pub[m[K
CMakeFiles/car_control.dir/build.make:62: recipe for target 'CMakeFiles/car_control.dir/src/car_control.cpp.o' failed
make[2]: *** [CMakeFiles/car_control.dir/src/car_control.cpp.o] Error 1
CMakeFiles/Makefile2:86: recipe for target 'CMakeFiles/car_control.dir/all' failed
make[1]: *** [CMakeFiles/car_control.dir/all] Error 2
Makefile:140: recipe for target 'all' failed
make: *** [all] Error 2
