[ 50%] [32mBuilding CXX object CMakeFiles/car_control.dir/src/car_control.cpp.o[0m
[01m[K/home/zach/src/AirSim/ros/src/shell_simulation/src/car_control.cpp:1:10:[m[K [01;31m[Kfatal error: [m[Kros/ros.h: No such file or directory
 #include [01;31m[K"ros/ros.h"[m[K
          [01;31m[K^~~~~~~~~~~[m[K
compilation terminated.
CMakeFiles/car_control.dir/build.make:62: recipe for target 'CMakeFiles/car_control.dir/src/car_control.cpp.o' failed
make[2]: *** [CMakeFiles/car_control.dir/src/car_control.cpp.o] Error 1
CMakeFiles/Makefile2:67: recipe for target 'CMakeFiles/car_control.dir/all' failed
make[1]: *** [CMakeFiles/car_control.dir/all] Error 2
Makefile:140: recipe for target 'all' failed
make: *** [all] Error 2
