[  0%] Built target std_msgs_generate_messages_cpp
[  0%] Built target airsim_car_ros_pkgs_generate_messages_lisp
[  0%] Built target airsim_car_ros_pkgs_generate_messages_py
[  0%] Built target airsim_car_ros_pkgs_generate_messages_eus
[  0%] Built target std_msgs_generate_messages_lisp
[  0%] Built target std_msgs_generate_messages_nodejs
[  0%] Built target rosgraph_msgs_generate_messages_nodejs
[  0%] Built target airsim_car_ros_pkgs_generate_messages_nodejs
[  0%] Built target roscpp_generate_messages_cpp
[  0%] Built target roscpp_generate_messages_lisp
[  0%] Built target airsim_car_ros_pkgs_generate_messages_cpp
[  0%] Built target roscpp_generate_messages_eus
[  0%] Built target rosgraph_msgs_generate_messages_cpp
[  0%] Built target roscpp_generate_messages_py
[  0%] Built target roscpp_generate_messages_nodejs
[  0%] Built target std_msgs_generate_messages_py
[  0%] Built target rosgraph_msgs_generate_messages_eus
[  0%] Built target rosgraph_msgs_generate_messages_py
[  0%] Built target std_msgs_generate_messages_eus
[  0%] Built target rosgraph_msgs_generate_messages_lisp
[35m[1mScanning dependencies of target car_control[0m
[ 50%] [32mBuilding CXX object CMakeFiles/car_control.dir/src/car_control.cpp.o[0m
[01m[K/home/zach/src/AirSim/ros/src/shell_simulation/src/car_control.cpp:[m[K In function â€˜[01m[Kint main(int, char**)[m[Kâ€™:
[01m[K/home/zach/src/AirSim/ros/src/shell_simulation/src/car_control.cpp:44:14:[m[K [01;31m[Kerror: [m[Kâ€˜[01m[Kairsim_car_ros_pkgs::CarCmd[m[Kâ€™ {aka â€˜[01m[Kstruct airsim_car_ros_pkgs::CarCmd_<std::allocator<void> >[m[Kâ€™} has no member named â€˜[01m[Kdata[m[Kâ€™
     throttle.[01;31m[Kdata[m[K = [1.0, 0.0, 0.0, false, false, 0, true]
              [01;31m[K^~~~[m[K
[01m[K/home/zach/src/AirSim/ros/src/shell_simulation/src/car_control.cpp:44:22:[m[K [01;31m[Kerror: [m[Kexpected identifier before numeric constant
     throttle.data = [[01;31m[K1.0[m[K, 0.0, 0.0, false, false, 0, true]
                      [01;31m[K^~~[m[K
[01m[K/home/zach/src/AirSim/ros/src/shell_simulation/src/car_control.cpp:44:25:[m[K [01;31m[Kerror: [m[Kexpected â€˜[01m[K][m[Kâ€™ before â€˜[01m[K,[m[Kâ€™ token
     throttle.data = [1.0[01;31m[K,[m[K 0.0, 0.0, false, false, 0, true]
                         [01;31m[K^[m[K
                         [32m[K][m[K
[01m[K/home/zach/src/AirSim/ros/src/shell_simulation/src/car_control.cpp:[m[K In lambda function:
[01m[K/home/zach/src/AirSim/ros/src/shell_simulation/src/car_control.cpp:44:25:[m[K [01;31m[Kerror: [m[Kexpected â€˜[01m[K{[m[Kâ€™ before â€˜[01m[K,[m[Kâ€™ token
CMakeFiles/car_control.dir/build.make:62: recipe for target 'CMakeFiles/car_control.dir/src/car_control.cpp.o' failed
make[2]: *** [CMakeFiles/car_control.dir/src/car_control.cpp.o] Error 1
CMakeFiles/Makefile2:86: recipe for target 'CMakeFiles/car_control.dir/all' failed
make[1]: *** [CMakeFiles/car_control.dir/all] Error 2
Makefile:140: recipe for target 'all' failed
make: *** [all] Error 2
