[  0%] Built target rosgraph_msgs_generate_messages_nodejs
[  0%] Built target airsim_car_ros_pkgs_generate_messages_nodejs
[  0%] Built target airsim_car_ros_pkgs_generate_messages_eus
[  0%] Built target airsim_car_ros_pkgs_generate_messages_lisp
[  0%] Built target std_msgs_generate_messages_cpp
[  0%] Built target std_msgs_generate_messages_nodejs
[  0%] Built target std_msgs_generate_messages_lisp
[  0%] Built target airsim_car_ros_pkgs_generate_messages_py
[  0%] Built target roscpp_generate_messages_cpp
[  0%] Built target std_msgs_generate_messages_py
[  0%] Built target roscpp_generate_messages_eus
[  0%] Built target roscpp_generate_messages_nodejs
[  0%] Built target roscpp_generate_messages_lisp
[  0%] Built target airsim_car_ros_pkgs_generate_messages_cpp
[  0%] Built target rosgraph_msgs_generate_messages_cpp
[  0%] Built target roscpp_generate_messages_py
[  0%] Built target rosgraph_msgs_generate_messages_eus
[  0%] Built target rosgraph_msgs_generate_messages_lisp
[  0%] Built target std_msgs_generate_messages_eus
[  0%] Built target rosgraph_msgs_generate_messages_py
[35m[1mScanning dependencies of target car_control[0m
[ 50%] [32mBuilding CXX object CMakeFiles/car_control.dir/src/car_control.cpp.o[0m
[01m[K/home/zach/src/AirSim/ros/src/shell_simulation/src/car_control.cpp:[m[K In function â€˜[01m[Kint main(int, char**)[m[Kâ€™:
[01m[K/home/zach/src/AirSim/ros/src/shell_simulation/src/car_control.cpp:44:17:[m[K [01;31m[Kerror: [m[Kexpected identifier before numeric constant
     throttle = [[01;31m[K1.0[m[K, 0.0, 0.0, false, false, 0, true]
                 [01;31m[K^~~[m[K
[01m[K/home/zach/src/AirSim/ros/src/shell_simulation/src/car_control.cpp:44:20:[m[K [01;31m[Kerror: [m[Kexpected â€˜[01m[K][m[Kâ€™ before â€˜[01m[K,[m[Kâ€™ token
     throttle = [1.0[01;31m[K,[m[K 0.0, 0.0, false, false, 0, true]
                    [01;31m[K^[m[K
                    [32m[K][m[K
[01m[K/home/zach/src/AirSim/ros/src/shell_simulation/src/car_control.cpp:[m[K In lambda function:
[01m[K/home/zach/src/AirSim/ros/src/shell_simulation/src/car_control.cpp:44:20:[m[K [01;31m[Kerror: [m[Kexpected â€˜[01m[K{[m[Kâ€™ before â€˜[01m[K,[m[Kâ€™ token
[01m[K/home/zach/src/AirSim/ros/src/shell_simulation/src/car_control.cpp:[m[K In function â€˜[01m[Kint main(int, char**)[m[Kâ€™:
[01m[K/home/zach/src/AirSim/ros/src/shell_simulation/src/car_control.cpp:44:20:[m[K [01;31m[Kerror: [m[Kno match for â€˜[01m[Koperator=[m[Kâ€™ (operand types are â€˜[01m[Kairsim_car_ros_pkgs::CarCmd[m[Kâ€™ {aka â€˜[01m[Kairsim_car_ros_pkgs::CarCmd_<std::allocator<void> >[m[Kâ€™} and â€˜[01m[Kmain(int, char**)::<lambda()>[m[Kâ€™)
In file included from [01m[K/home/zach/src/AirSim/ros/src/shell_simulation/src/car_control.cpp:2[m[K:
[01m[K/home/zach/src/AirSim/ros/install/include/airsim_car_ros_pkgs/CarCmd.h:22:8:[m[K [01;36m[Knote: [m[Kcandidate: â€˜[01m[Kconstexpr airsim_car_ros_pkgs::CarCmd_<std::allocator<void> >& airsim_car_ros_pkgs::CarCmd_<std::allocator<void> >::operator=(const airsim_car_ros_pkgs::CarCmd_<std::allocator<void> >&)[m[Kâ€™
 struct [01;36m[KCarCmd_[m[K
        [01;36m[K^~~~~~~[m[K
[01m[K/home/zach/src/AirSim/ros/install/include/airsim_car_ros_pkgs/CarCmd.h:22:8:[m[K [01;36m[Knote: [m[K  no known conversion for argument 1 from â€˜[01m[Kmain(int, char**)::<lambda()>[m[Kâ€™ to â€˜[01m[Kconst airsim_car_ros_pkgs::CarCmd_<std::allocator<void> >&[m[Kâ€™
[01m[K/home/zach/src/AirSim/ros/install/include/airsim_car_ros_pkgs/CarCmd.h:22:8:[m[K [01;36m[Knote: [m[Kcandidate: â€˜[01m[Kconstexpr airsim_car_ros_pkgs::CarCmd_<std::allocator<void> >& airsim_car_ros_pkgs::CarCmd_<std::allocator<void> >::operator=(airsim_car_ros_pkgs::CarCmd_<std::allocator<void> >&&)[m[Kâ€™
[01m[K/home/zach/src/AirSim/ros/install/include/airsim_car_ros_pkgs/CarCmd.h:22:8:[m[K [01;36m[Knote: [m[K  no known conversion for argument 1 from â€˜[01m[Kmain(int, char**)::<lambda()>[m[Kâ€™ to â€˜[01m[Kairsim_car_ros_pkgs::CarCmd_<std::allocator<void> >&&[m[Kâ€™
CMakeFiles/car_control.dir/build.make:62: recipe for target 'CMakeFiles/car_control.dir/src/car_control.cpp.o' failed
make[2]: *** [CMakeFiles/car_control.dir/src/car_control.cpp.o] Error 1
CMakeFiles/Makefile2:86: recipe for target 'CMakeFiles/car_control.dir/all' failed
make[1]: *** [CMakeFiles/car_control.dir/all] Error 2
Makefile:140: recipe for target 'all' failed
make: *** [all] Error 2
